{
  "stats": {
    "suites": 2,
    "tests": 3,
    "passes": 3,
    "pending": 0,
    "failures": 0,
    "start": "2026-06-07T01:17:43.815Z",
    "end": "2026-06-07T01:17:43.822Z",
    "duration": 7,
    "testsRegistered": 3,
    "passPercent": 100,
    "pendingPercent": 0,
    "other": 0,
    "hasOther": false,
    "skipped": 0,
    "hasSkipped": false
  },
  "results": [
    {
      "uuid": "095696a2-1d32-4a94-8e81-1d4e349dc313",
      "title": "",
      "fullFile": "C:\\Projects\\trabalho-conclusao-disciplina-programacao\\test\\ServicoDePagamento.test.js",
      "file": "\\test\\ServicoDePagamento.test.js",
      "beforeHooks": [],
      "afterHooks": [],
      "tests": [],
      "suites": [
        {
          "uuid": "6b372d1b-3216-4e84-a3b7-d02abe3ce943",
          "title": "Testes para consultar pagamentos do Servico De Pagamento",
          "fullFile": "C:\\Projects\\trabalho-conclusao-disciplina-programacao\\test\\ServicoDePagamento.test.js",
          "file": "\\test\\ServicoDePagamento.test.js",
          "beforeHooks": [],
          "afterHooks": [],
          "tests": [],
          "suites": [
            {
              "uuid": "868bf9b8-c139-4bb8-985d-c7964ff6d26c",
              "title": "Testando a classe que consulta os ultimos pagamentos",
              "fullFile": "C:\\Projects\\trabalho-conclusao-disciplina-programacao\\test\\ServicoDePagamento.test.js",
              "file": "\\test\\ServicoDePagamento.test.js",
              "beforeHooks": [],
              "afterHooks": [],
              "tests": [
                {
                  "title": "deve criar um pagamento com categoria \"cara\" quando valor > 100.00",
                  "fullTitle": "Testes para consultar pagamentos do Servico De Pagamento Testando a classe que consulta os ultimos pagamentos deve criar um pagamento com categoria \"cara\" quando valor > 100.00",
                  "timedOut": false,
                  "duration": 1,
                  "state": "passed",
                  "speed": "fast",
                  "pass": true,
                  "fail": false,
                  "pending": false,
                  "context": null,
                  "code": "// Arrange\nconst servico = new ServicoDePagamento();\nconst codigoBarras = '0987-7656-3475';\nconst empresa = 'Samar';\nconst valor = 100.01;\n// Act\nservico.pagar(codigoBarras, empresa, valor);\n// Assert\nconst ultimoPagamento = servico.consultarUltimoPagamento();\nassert.equal(ultimoPagamento.codigoBarras, codigoBarras);\nassert.equal(ultimoPagamento.empresa, empresa);\nassert.equal(ultimoPagamento.valor, valor);\nassert.equal(ultimoPagamento.categoria, 'cara');",
                  "err": {},
                  "uuid": "e5a35da4-70a0-4311-8b51-cea6e8227aa8",
                  "parentUUID": "868bf9b8-c139-4bb8-985d-c7964ff6d26c",
                  "isHook": false,
                  "skipped": false
                },
                {
                  "title": "deve criar um pagamento com categoria \"padrão\" quando valor < 100.00",
                  "fullTitle": "Testes para consultar pagamentos do Servico De Pagamento Testando a classe que consulta os ultimos pagamentos deve criar um pagamento com categoria \"padrão\" quando valor < 100.00",
                  "timedOut": false,
                  "duration": 0,
                  "state": "passed",
                  "speed": "fast",
                  "pass": true,
                  "fail": false,
                  "pending": false,
                  "context": null,
                  "code": "// Arrange\nconst servico = new ServicoDePagamento();\nconst codigoBarras = '1234-5678-9012';\nconst empresa = 'Empresa X';\nconst valor = 99.99;\n// Act\nservico.pagar(codigoBarras, empresa, valor);\n// Assert\nconst ultimoPagamento = servico.consultarUltimoPagamento();\nassert.equal(ultimoPagamento.codigoBarras, codigoBarras);\nassert.equal(ultimoPagamento.empresa, empresa);\nassert.equal(ultimoPagamento.valor, valor);\nassert.equal(ultimoPagamento.categoria, 'padrão');",
                  "err": {},
                  "uuid": "571d0ecb-8cde-40f8-9777-fbfa1c25eb19",
                  "parentUUID": "868bf9b8-c139-4bb8-985d-c7964ff6d26c",
                  "isHook": false,
                  "skipped": false
                },
                {
                  "title": "deve criar um pagamento com categoria \"padrão\" quando valor é igual a 100.00",
                  "fullTitle": "Testes para consultar pagamentos do Servico De Pagamento Testando a classe que consulta os ultimos pagamentos deve criar um pagamento com categoria \"padrão\" quando valor é igual a 100.00",
                  "timedOut": false,
                  "duration": 0,
                  "state": "passed",
                  "speed": "fast",
                  "pass": true,
                  "fail": false,
                  "pending": false,
                  "context": null,
                  "code": "// Arrange\nconst servico = new ServicoDePagamento();\nconst codigoBarras = '9999-8888-7777';\nconst empresa = 'Empresa Y';\nconst valor = 100.00;\n// Act\nservico.pagar(codigoBarras, empresa, valor);\n// Assert\nconst ultimoPagamento = servico.consultarUltimoPagamento();\nassert.equal(ultimoPagamento.codigoBarras, codigoBarras);\nassert.equal(ultimoPagamento.empresa, empresa);\nassert.equal(ultimoPagamento.valor, valor);\nassert.equal(ultimoPagamento.categoria, 'padrão');",
                  "err": {},
                  "uuid": "07234c13-3f0e-4bbb-a47f-79246f789532",
                  "parentUUID": "868bf9b8-c139-4bb8-985d-c7964ff6d26c",
                  "isHook": false,
                  "skipped": false
                }
              ],
              "suites": [],
              "passes": [
                "e5a35da4-70a0-4311-8b51-cea6e8227aa8",
                "571d0ecb-8cde-40f8-9777-fbfa1c25eb19",
                "07234c13-3f0e-4bbb-a47f-79246f789532"
              ],
              "failures": [],
              "pending": [],
              "skipped": [],
              "duration": 1,
              "root": false,
              "rootEmpty": false,
              "_timeout": 2000
            }
          ],
          "passes": [],
          "failures": [],
          "pending": [],
          "skipped": [],
          "duration": 0,
          "root": false,
          "rootEmpty": false,
          "_timeout": 2000
        }
      ],
      "passes": [],
      "failures": [],
      "pending": [],
      "skipped": [],
      "duration": 0,
      "root": true,
      "rootEmpty": true,
      "_timeout": 2000
    }
  ],
  "meta": {
    "mocha": {
      "version": "11.7.5"
    },
    "mochawesome": {
      "options": {
        "quiet": false,
        "reportFilename": "mochawesome",
        "saveHtml": true,
        "saveJson": true,
        "consoleReporter": "spec",
        "useInlineDiffs": false,
        "code": true
      },
      "version": "7.1.4"
    },
    "marge": {
      "options": null,
      "version": "6.3.2"
    }
  }
}