{
  "stats": {
    "suites": 3,
    "tests": 7,
    "passes": 6,
    "pending": 0,
    "failures": 1,
    "start": "2026-05-16T20:35:47.401Z",
    "end": "2026-05-16T20:35:47.411Z",
    "duration": 10,
    "testsRegistered": 7,
    "passPercent": 85.71428571428571,
    "pendingPercent": 0,
    "other": 0,
    "hasOther": false,
    "skipped": 0,
    "hasSkipped": false
  },
  "results": [
    {
      "uuid": "d7cba82e-42c8-499c-8598-a5c0edd3e27b",
      "title": "",
      "fullFile": "C:\\Projects\\trabalho-conclusao-curso-programacao\\test\\ServicoDePagamento.test.js",
      "file": "\\test\\ServicoDePagamento.test.js",
      "beforeHooks": [],
      "afterHooks": [],
      "tests": [],
      "suites": [
        {
          "uuid": "f658691e-089a-4a2f-ac1b-e702f4cd3fbf",
          "title": "Testes para consultar pagamentos do Servico De Pagamento",
          "fullFile": "C:\\Projects\\trabalho-conclusao-curso-programacao\\test\\ServicoDePagamento.test.js",
          "file": "\\test\\ServicoDePagamento.test.js",
          "beforeHooks": [],
          "afterHooks": [],
          "tests": [],
          "suites": [
            {
              "uuid": "4aae7158-4f4d-4dc7-a50c-a09c1677fde0",
              "title": "Testando a classe pagar",
              "fullFile": "C:\\Projects\\trabalho-conclusao-curso-programacao\\test\\ServicoDePagamento.test.js",
              "file": "\\test\\ServicoDePagamento.test.js",
              "beforeHooks": [],
              "afterHooks": [],
              "tests": [
                {
                  "title": "deve criar um pagamento com categoria \"cara\" quando valor > 100.00",
                  "fullTitle": "Testes para consultar pagamentos do Servico De Pagamento Testando a classe pagar deve criar um pagamento com categoria \"cara\" quando valor > 100.00",
                  "timedOut": false,
                  "duration": 1,
                  "state": "passed",
                  "speed": "fast",
                  "pass": true,
                  "fail": false,
                  "pending": false,
                  "context": null,
                  "code": "// Arrange\nconst servico = new ServicoDePagamento();\nconst codigoBarras = '0987-7656-3475';\nconst empresa = 'Samar';\nconst valor = 100.01;\n// Act\nservico.pagar(codigoBarras, empresa, valor);\n// Assert\nconst ultimoPagamento = servico.consultarUltimoPagamento();\nassert.strictEqual(ultimoPagamento.codigoBarras, '0987-7656-3475');\nassert.strictEqual(ultimoPagamento.empresa, 'Samar');\nassert.strictEqual(ultimoPagamento.valor, 100.01);\nassert.strictEqual(ultimoPagamento.categoria, 'cara');",
                  "err": {},
                  "uuid": "4fcdd582-6466-498c-9677-1223a75d2fae",
                  "parentUUID": "4aae7158-4f4d-4dc7-a50c-a09c1677fde0",
                  "isHook": false,
                  "skipped": false
                },
                {
                  "title": "deve criar um pagamento com categoria \"padrão\" quando valor < 100.00",
                  "fullTitle": "Testes para consultar pagamentos do Servico De Pagamento Testando a classe pagar deve criar um pagamento com categoria \"padrão\" quando valor < 100.00",
                  "timedOut": false,
                  "duration": 0,
                  "state": "passed",
                  "speed": "fast",
                  "pass": true,
                  "fail": false,
                  "pending": false,
                  "context": null,
                  "code": "// Arrange\nconst servico = new ServicoDePagamento();\nconst codigoBarras = '1234-5678-9012';\nconst empresa = 'Empresa X';\nconst valor = 99.99;\n// Act\nservico.pagar(codigoBarras, empresa, valor);\n// Assert\nconst ultimoPagamento = servico.consultarUltimoPagamento();\nassert.strictEqual(ultimoPagamento.codigoBarras, '1234-5678-9012');\nassert.strictEqual(ultimoPagamento.empresa, 'Empresa X');\nassert.strictEqual(ultimoPagamento.valor, 99.99);\nassert.strictEqual(ultimoPagamento.categoria, 'padrão');",
                  "err": {},
                  "uuid": "aae54a0d-21b7-45a0-b3c8-fe78ebdcb03b",
                  "parentUUID": "4aae7158-4f4d-4dc7-a50c-a09c1677fde0",
                  "isHook": false,
                  "skipped": false
                },
                {
                  "title": "deve criar um pagamento com categoria \"padrão\" quando valor é exatamente 100.00",
                  "fullTitle": "Testes para consultar pagamentos do Servico De Pagamento Testando a classe pagar deve criar um pagamento com categoria \"padrão\" quando valor é exatamente 100.00",
                  "timedOut": false,
                  "duration": 0,
                  "state": "passed",
                  "speed": "fast",
                  "pass": true,
                  "fail": false,
                  "pending": false,
                  "context": null,
                  "code": "// Arrange\nconst servico = new ServicoDePagamento();\nconst codigoBarras = '9999-8888-7777';\nconst empresa = 'Empresa Y';\nconst valor = 100.00;\n// Act\nservico.pagar(codigoBarras, empresa, valor);\n// Assert\nconst ultimoPagamento = servico.consultarUltimoPagamento();\nassert.strictEqual(ultimoPagamento.categoria, 'padrão');",
                  "err": {},
                  "uuid": "ab06789d-e83a-45dd-8d05-74efd4c984bf",
                  "parentUUID": "4aae7158-4f4d-4dc7-a50c-a09c1677fde0",
                  "isHook": false,
                  "skipped": false
                }
              ],
              "suites": [],
              "passes": [
                "4fcdd582-6466-498c-9677-1223a75d2fae",
                "aae54a0d-21b7-45a0-b3c8-fe78ebdcb03b",
                "ab06789d-e83a-45dd-8d05-74efd4c984bf"
              ],
              "failures": [],
              "pending": [],
              "skipped": [],
              "duration": 1,
              "root": false,
              "rootEmpty": false,
              "_timeout": 2000
            },
            {
              "uuid": "99c3d127-0401-44ac-9ce2-3b64175bb106",
              "title": "consultarUltimoPagamento()",
              "fullFile": "C:\\Projects\\trabalho-conclusao-curso-programacao\\test\\ServicoDePagamento.test.js",
              "file": "\\test\\ServicoDePagamento.test.js",
              "beforeHooks": [],
              "afterHooks": [],
              "tests": [
                {
                  "title": "deve retornar null quando não há pagamentos",
                  "fullTitle": "Testes para consultar pagamentos do Servico De Pagamento consultarUltimoPagamento() deve retornar null quando não há pagamentos",
                  "timedOut": false,
                  "duration": 0,
                  "state": "passed",
                  "speed": "fast",
                  "pass": true,
                  "fail": false,
                  "pending": false,
                  "context": null,
                  "code": "// Arrange\nconst servico = new ServicoDePagamento();\n// Act\nconst resultado = servico.consultarUltimoPagamento();\n// Assert\nassert.strictEqual(resultado, null);",
                  "err": {},
                  "uuid": "6f114b9c-1fe6-4921-87a0-d7685f6e4812",
                  "parentUUID": "99c3d127-0401-44ac-9ce2-3b64175bb106",
                  "isHook": false,
                  "skipped": false
                },
                {
                  "title": "deve retornar o último pagamento quando há um único pagamento",
                  "fullTitle": "Testes para consultar pagamentos do Servico De Pagamento consultarUltimoPagamento() deve retornar o último pagamento quando há um único pagamento",
                  "timedOut": false,
                  "duration": 1,
                  "state": "passed",
                  "speed": "fast",
                  "pass": true,
                  "fail": false,
                  "pending": false,
                  "context": null,
                  "code": "// Arrange\nconst servico = new ServicoDePagamento();\nservico.pagar('1111-2222-3333', 'Empresa A', 50.00);\n// Act\nconst ultimoPagamento = servico.consultarUltimoPagamento();\n// Assert\nassert.strictEqual(ultimoPagamento.codigoBarras, '1111-2222-3333');\nassert.strictEqual(ultimoPagamento.empresa, 'Empresa A');\nassert.strictEqual(ultimoPagamento.valor, 50.00);",
                  "err": {},
                  "uuid": "11078aeb-e9f5-41b9-850e-1d8164d29dbd",
                  "parentUUID": "99c3d127-0401-44ac-9ce2-3b64175bb106",
                  "isHook": false,
                  "skipped": false
                },
                {
                  "title": "deve retornar o último pagamento quando há múltiplos pagamentos",
                  "fullTitle": "Testes para consultar pagamentos do Servico De Pagamento consultarUltimoPagamento() deve retornar o último pagamento quando há múltiplos pagamentos",
                  "timedOut": false,
                  "duration": 0,
                  "state": "passed",
                  "speed": "fast",
                  "pass": true,
                  "fail": false,
                  "pending": false,
                  "context": null,
                  "code": "// Arrange\nconst servico = new ServicoDePagamento();\nservico.pagar('1111-2222-3333', 'Empresa A', 50.00);\nservico.pagar('4444-5555-6666', 'Empresa B', 150.00);\nservico.pagar('7777-8888-9999', 'Empresa C', 75.50);\n// Act\nconst ultimoPagamento = servico.consultarUltimoPagamento();\n// Assert\nassert.strictEqual(ultimoPagamento.codigoBarras, '7777-8888-9999');\nassert.strictEqual(ultimoPagamento.empresa, 'Empresa C');\nassert.strictEqual(ultimoPagamento.valor, 75.50);\nassert.strictEqual(ultimoPagamento.categoria, 'padrão');",
                  "err": {},
                  "uuid": "01d0a4a3-90d0-4db0-af02-89e0e2bfd592",
                  "parentUUID": "99c3d127-0401-44ac-9ce2-3b64175bb106",
                  "isHook": false,
                  "skipped": false
                },
                {
                  "title": "deve manter histórico de todos os pagamentos",
                  "fullTitle": "Testes para consultar pagamentos do Servico De Pagamento consultarUltimoPagamento() deve manter histórico de todos os pagamentos",
                  "timedOut": false,
                  "duration": 0,
                  "state": "failed",
                  "speed": null,
                  "pass": false,
                  "fail": true,
                  "pending": false,
                  "context": null,
                  "code": "// Arrange\nconst servico = new ServicoDePagamento();\nservico.pagar('1111-2222-3333', 'Empresa A', 50.00);\nservico.pagar('4444-5555-6666', 'Empresa B', 150.00);\n// Act\nconst ultimoPagamento = servico.consultarUltimoPagamento();\n// Assert\nassert.strictEqual(servico.pagamentos.length, 2);\nassert.strictEqual(ultimoPagamento.codigoBarras, '4444-5555-6666');",
                  "err": {
                    "message": "TypeError: Cannot read properties of undefined (reading 'length')",
                    "estack": "TypeError: Cannot read properties of undefined (reading 'length')\n    at Context.<anonymous> (file:///C:/Projects/trabalho-conclusao-curso-programacao/test/ServicoDePagamento.test.js:111:45)\n    at process.processImmediate (node:internal/timers:504:21)",
                    "diff": null
                  },
                  "uuid": "a30e3753-8752-4318-aba9-c37b0f3e2613",
                  "parentUUID": "99c3d127-0401-44ac-9ce2-3b64175bb106",
                  "isHook": false,
                  "skipped": false
                }
              ],
              "suites": [],
              "passes": [
                "6f114b9c-1fe6-4921-87a0-d7685f6e4812",
                "11078aeb-e9f5-41b9-850e-1d8164d29dbd",
                "01d0a4a3-90d0-4db0-af02-89e0e2bfd592"
              ],
              "failures": [
                "a30e3753-8752-4318-aba9-c37b0f3e2613"
              ],
              "pending": [],
              "skipped": [],
              "duration": 1,
              "root": false,
              "rootEmpty": false,
              "_timeout": 2000
            }
          ],
          "passes": [],
          "failures": [],
          "pending": [],
          "skipped": [],
          "duration": 0,
          "root": false,
          "rootEmpty": false,
          "_timeout": 2000
        }
      ],
      "passes": [],
      "failures": [],
      "pending": [],
      "skipped": [],
      "duration": 0,
      "root": true,
      "rootEmpty": true,
      "_timeout": 2000
    }
  ],
  "meta": {
    "mocha": {
      "version": "11.7.5"
    },
    "mochawesome": {
      "options": {
        "quiet": false,
        "reportFilename": "mochawesome",
        "saveHtml": true,
        "saveJson": true,
        "consoleReporter": "spec",
        "useInlineDiffs": false,
        "code": true
      },
      "version": "7.1.4"
    },
    "marge": {
      "options": null,
      "version": "6.3.2"
    }
  }
}